<?xml version="1.0" encoding="UTF-8"?>
<testng-results ignored="0" total="4" passed="4" failed="0" skipped="0">
  <reporter-output>
  </reporter-output>
  <suite started-at="2026-03-25T12:14:33 IST" name="Suite" finished-at="2026-03-25T12:15:59 IST" duration-ms="86539">
    <groups>
      <group name="Master">
        <method signature="TC_001_AccountRegistrationTest.verify_account_registration()[pri:0, instance:testCases.TC_001_AccountRegistrationTest@68044f4]" name="verify_account_registration" class="testCases.TC_001_AccountRegistrationTest"/>
        <method signature="TC_002_LoginTest.verify_login()[pri:0, instance:testCases.TC_002_LoginTest@640f11a1]" name="verify_login" class="testCases.TC_002_LoginTest"/>
        <method signature="TC_001_AccountRegistrationTest.verify_account_registration()[pri:0, instance:testCases.TC_001_AccountRegistrationTest@7ce97ee5]" name="verify_account_registration" class="testCases.TC_001_AccountRegistrationTest"/>
        <method signature="TC_002_LoginTest.verify_login()[pri:0, instance:testCases.TC_002_LoginTest@32c8e539]" name="verify_login" class="testCases.TC_002_LoginTest"/>
      </group> <!-- Master -->
      <group name="Sanity">
        <method signature="TC_002_LoginTest.verify_login()[pri:0, instance:testCases.TC_002_LoginTest@640f11a1]" name="verify_login" class="testCases.TC_002_LoginTest"/>
        <method signature="TC_002_LoginTest.verify_login()[pri:0, instance:testCases.TC_002_LoginTest@32c8e539]" name="verify_login" class="testCases.TC_002_LoginTest"/>
      </group> <!-- Sanity -->
      <group name="Regression">
        <method signature="TC_001_AccountRegistrationTest.verify_account_registration()[pri:0, instance:testCases.TC_001_AccountRegistrationTest@68044f4]" name="verify_account_registration" class="testCases.TC_001_AccountRegistrationTest"/>
        <method signature="TC_001_AccountRegistrationTest.verify_account_registration()[pri:0, instance:testCases.TC_001_AccountRegistrationTest@7ce97ee5]" name="verify_account_registration" class="testCases.TC_001_AccountRegistrationTest"/>
      </group> <!-- Regression -->
    </groups>
    <test started-at="2026-03-25T12:14:33 IST" name="Linux-Chrome" finished-at="2026-03-25T12:15:01 IST" duration-ms="28007">
      <class name="testCases.TC_001_AccountRegistrationTest">
        <test-method is-config="true" signature="setup(java.lang.String,java.lang.String)[pri:0, instance:testCases.TC_001_AccountRegistrationTest@68044f4]" started-at="2026-03-25T12:14:33 IST" name="setup" finished-at="2026-03-25T12:14:41 IST" duration-ms="7526" status="PASS">
          <params>
            <param index="0">
              <value>
                <![CDATA[Linux]]>
              </value>
            </param>
            <param index="1">
              <value>
                <![CDATA[chrome]]>
              </value>
            </param>
          </params>
          <reporter-output>
          </reporter-output>
        </test-method> <!-- setup -->
        <test-method signature="verify_account_registration()[pri:0, instance:testCases.TC_001_AccountRegistrationTest@68044f4]" started-at="2026-03-25T12:14:41 IST" name="verify_account_registration" finished-at="2026-03-25T12:14:49 IST" duration-ms="8203" status="PASS">
          <reporter-output>
          </reporter-output>
        </test-method> <!-- verify_account_registration -->
        <test-method is-config="true" signature="tearDown()[pri:0, instance:testCases.TC_001_AccountRegistrationTest@68044f4]" started-at="2026-03-25T12:14:49 IST" name="tearDown" finished-at="2026-03-25T12:14:50 IST" duration-ms="364" status="PASS">
          <reporter-output>
          </reporter-output>
        </test-method> <!-- tearDown -->
      </class> <!-- testCases.TC_001_AccountRegistrationTest -->
      <class name="testCases.TC_002_LoginTest">
        <test-method is-config="true" signature="setup(java.lang.String,java.lang.String)[pri:0, instance:testCases.TC_002_LoginTest@640f11a1]" started-at="2026-03-25T12:14:50 IST" name="setup" finished-at="2026-03-25T12:14:55 IST" duration-ms="5811" status="PASS">
          <params>
            <param index="0">
              <value>
                <![CDATA[Linux]]>
              </value>
            </param>
            <param index="1">
              <value>
                <![CDATA[chrome]]>
              </value>
            </param>
          </params>
          <reporter-output>
          </reporter-output>
        </test-method> <!-- setup -->
        <test-method signature="verify_login()[pri:0, instance:testCases.TC_002_LoginTest@640f11a1]" started-at="2026-03-25T12:14:55 IST" name="verify_login" finished-at="2026-03-25T12:15:00 IST" duration-ms="5002" status="PASS">
          <reporter-output>
          </reporter-output>
        </test-method> <!-- verify_login -->
        <test-method is-config="true" signature="tearDown()[pri:0, instance:testCases.TC_002_LoginTest@640f11a1]" started-at="2026-03-25T12:15:00 IST" name="tearDown" finished-at="2026-03-25T12:15:01 IST" duration-ms="392" status="PASS">
          <reporter-output>
          </reporter-output>
        </test-method> <!-- tearDown -->
      </class> <!-- testCases.TC_002_LoginTest -->
    </test> <!-- Linux-Chrome -->
    <test started-at="2026-03-25T12:15:03 IST" name="Linux-Firefox" finished-at="2026-03-25T12:15:59 IST" duration-ms="56614">
      <class name="testCases.TC_001_AccountRegistrationTest">
        <test-method is-config="true" signature="setup(java.lang.String,java.lang.String)[pri:0, instance:testCases.TC_001_AccountRegistrationTest@7ce97ee5]" started-at="2026-03-25T12:15:03 IST" name="setup" finished-at="2026-03-25T12:15:26 IST" duration-ms="23188" status="PASS">
          <params>
            <param index="0">
              <value>
                <![CDATA[Linux]]>
              </value>
            </param>
            <param index="1">
              <value>
                <![CDATA[firefox]]>
              </value>
            </param>
          </params>
          <reporter-output>
          </reporter-output>
        </test-method> <!-- setup -->
        <test-method signature="verify_account_registration()[pri:0, instance:testCases.TC_001_AccountRegistrationTest@7ce97ee5]" started-at="2026-03-25T12:15:26 IST" name="verify_account_registration" finished-at="2026-03-25T12:15:34 IST" duration-ms="8596" status="PASS">
          <reporter-output>
          </reporter-output>
        </test-method> <!-- verify_account_registration -->
        <test-method is-config="true" signature="tearDown()[pri:0, instance:testCases.TC_001_AccountRegistrationTest@7ce97ee5]" started-at="2026-03-25T12:15:34 IST" name="tearDown" finished-at="2026-03-25T12:15:38 IST" duration-ms="3244" status="PASS">
          <reporter-output>
          </reporter-output>
        </test-method> <!-- tearDown -->
      </class> <!-- testCases.TC_001_AccountRegistrationTest -->
      <class name="testCases.TC_002_LoginTest">
        <test-method is-config="true" signature="setup(java.lang.String,java.lang.String)[pri:0, instance:testCases.TC_002_LoginTest@32c8e539]" started-at="2026-03-25T12:15:38 IST" name="setup" finished-at="2026-03-25T12:15:50 IST" duration-ms="12069" status="PASS">
          <params>
            <param index="0">
              <value>
                <![CDATA[Linux]]>
              </value>
            </param>
            <param index="1">
              <value>
                <![CDATA[firefox]]>
              </value>
            </param>
          </params>
          <reporter-output>
          </reporter-output>
        </test-method> <!-- setup -->
        <test-method signature="verify_login()[pri:0, instance:testCases.TC_002_LoginTest@32c8e539]" started-at="2026-03-25T12:15:50 IST" name="verify_login" finished-at="2026-03-25T12:15:56 IST" duration-ms="6415" status="PASS">
          <reporter-output>
          </reporter-output>
        </test-method> <!-- verify_login -->
        <test-method is-config="true" signature="tearDown()[pri:0, instance:testCases.TC_002_LoginTest@32c8e539]" started-at="2026-03-25T12:15:56 IST" name="tearDown" finished-at="2026-03-25T12:15:59 IST" duration-ms="3077" status="PASS">
          <reporter-output>
          </reporter-output>
        </test-method> <!-- tearDown -->
      </class> <!-- testCases.TC_002_LoginTest -->
    </test> <!-- Linux-Firefox -->
  </suite> <!-- Suite -->
</testng-results>
