<?xml version="1.0" encoding="UTF-8"?>
<!-- Generated by org.testng.reporters.JUnitReportReporter -->
<testsuite hostname="0985-VSMSDN5" failures="0" tests="2" name="testCases.TC_001_AccountRegistrationTest" time="7.718" errors="0" timestamp="2026-03-10T19:04:30 IST" skipped="0">
  <testcase classname="testCases.TC_001_AccountRegistrationTest" name="verify_account_registration" time="3.453"/>
  <testcase classname="testCases.TC_001_AccountRegistrationTest" name="verify_account_registration" time="4.265"/>
</testsuite> <!-- testCases.TC_001_AccountRegistrationTest -->
