<?xml version="1.0" encoding="UTF-8"?>
<!-- Generated by org.testng.reporters.JUnitReportReporter -->
<testsuite hostname="0985-VSMSDN5" failures="0" tests="2" name="testCases.TC_001_AccountRegistrationTest" time="16.799" errors="0" timestamp="2026-03-25T12:16:00 IST" skipped="0">
  <testcase classname="testCases.TC_001_AccountRegistrationTest" name="verify_account_registration" time="8.203"/>
  <testcase classname="testCases.TC_001_AccountRegistrationTest" name="verify_account_registration" time="8.596"/>
</testsuite> <!-- testCases.TC_001_AccountRegistrationTest -->
